f:\source\quyuzengzhang\quyuzengzhang\x64\debug\vc141.pdb
f:\source\quyuzengzhang\quyuzengzhang\x64\debug\vc141.idb
f:\source\quyuzengzhang\quyuzengzhang\x64\debug\quyuzengzhang.obj
f:\source\quyuzengzhang\quyuzengzhang\x64\debug\otsu.obj
f:\source\quyuzengzhang\quyuzengzhang\x64\debug\quyu.obj
f:\source\quyuzengzhang\quyuzengzhang\x64\debug\fillhole.obj
f:\source\quyuzengzhang\quyuzengzhang\x64\debug\quyuzengzhang.pch
f:\source\quyuzengzhang\quyuzengzhang\x64\debug\stdafx.obj
f:\source\quyuzengzhang\x64\debug\quyuzengzhang.pdb
f:\source\quyuzengzhang\quyuzengzhang\x64\debug\quyuzengzhang.tlog\cl.command.1.tlog
f:\source\quyuzengzhang\quyuzengzhang\x64\debug\quyuzengzhang.tlog\cl.read.1.tlog
f:\source\quyuzengzhang\quyuzengzhang\x64\debug\quyuzengzhang.tlog\cl.write.1.tlog
f:\source\quyuzengzhang\quyuzengzhang\x64\debug\quyuzengzhang.tlog\link-cvtres.read.1.tlog
f:\source\quyuzengzhang\quyuzengzhang\x64\debug\quyuzengzhang.tlog\link-cvtres.write.1.tlog
f:\source\quyuzengzhang\quyuzengzhang\x64\debug\quyuzengzhang.tlog\link-rc.read.1.tlog
f:\source\quyuzengzhang\quyuzengzhang\x64\debug\quyuzengzhang.tlog\link-rc.write.1.tlog
f:\source\quyuzengzhang\quyuzengzhang\x64\debug\quyuzengzhang.tlog\link.87400-cvtres.read.1.tlog
f:\source\quyuzengzhang\quyuzengzhang\x64\debug\quyuzengzhang.tlog\link.87400-cvtres.write.1.tlog
f:\source\quyuzengzhang\quyuzengzhang\x64\debug\quyuzengzhang.tlog\link.87400-rc.read.1.tlog
f:\source\quyuzengzhang\quyuzengzhang\x64\debug\quyuzengzhang.tlog\link.87400-rc.write.1.tlog
f:\source\quyuzengzhang\quyuzengzhang\x64\debug\quyuzengzhang.tlog\link.87400.read.1.tlog
f:\source\quyuzengzhang\quyuzengzhang\x64\debug\quyuzengzhang.tlog\link.87400.write.1.tlog
f:\source\quyuzengzhang\quyuzengzhang\x64\debug\quyuzengzhang.tlog\link.command.1.tlog
f:\source\quyuzengzhang\quyuzengzhang\x64\debug\quyuzengzhang.tlog\link.read.1.tlog
f:\source\quyuzengzhang\quyuzengzhang\x64\debug\quyuzengzhang.tlog\link.write.1.tlog
